<?xml version="1.0" encoding="UTF-8"?>
<!-- Generated by org.testng.reporters.JUnitReportReporter -->
<testsuite hostname="IN-F18K1N3" failures="0" tests="1" name="requests.GET_ListofUsers" time="0.193" errors="0" timestamp="2023-01-18T15:39:37 IST" skipped="0">
  <testcase classname="requests.GET_ListofUsers" name="get_List_Of_User_Details" time="0.193"/>
  <system-out/>
</testsuite> <!-- requests.GET_ListofUsers -->
