<?xml version="1.0" encoding="UTF-8"?>
<!-- Generated by org.testng.reporters.JUnitReportReporter -->
<testsuite hostname="IN-F18K1N3" failures="0" tests="1" name="requests.Get_SingleUser_Serialization" time="2.817" errors="0" timestamp="2023-01-18T15:37:45 IST" skipped="0">
  <testcase classname="requests.Get_SingleUser_Serialization" name="getSingleUserJSON_From_CreateUserPOJOClass" time="2.817"/>
  <system-out/>
</testsuite> <!-- requests.Get_SingleUser_Serialization -->
