<?xml version="1.0" encoding="UTF-8"?>
<!-- Generated by org.testng.reporters.JUnitReportReporter -->
<testsuite hostname="IN-F18K1N3" failures="0" tests="1" name="requests.CreateUser" time="2.523" errors="0" timestamp="2023-01-12T16:28:03 IST" skipped="0">
  <testcase classname="requests.CreateUser" name="createUser_POST" time="2.523"/>
  <system-out/>
</testsuite> <!-- requests.CreateUser -->
