<?xml version="1.0" encoding="UTF-8"?>
<!-- Generated by org.testng.reporters.JUnitReportReporter -->
<testsuite hostname="IN-F18K1N3" failures="0" tests="1" name="requests.Tests_POST" time="2.374" errors="0" timestamp="2023-01-12T16:24:27 IST" skipped="0">
  <testcase classname="requests.Tests_POST" name="test_01_post" time="2.374"/>
  <system-out/>
</testsuite> <!-- requests.Tests_POST -->
