<?xml version="1.0" encoding="UTF-8"?>
<!-- Generated by org.testng.reporters.JUnitReportReporter -->
<testsuite hostname="IN-F18K1N3" failures="0" tests="1" name="requests.CreateUser_Serialization" time="0.554" errors="0" timestamp="2023-01-18T15:39:37 IST" skipped="0">
  <testcase classname="requests.CreateUser_Serialization" name="CreateUserJSON_From_CreateUserPOJOClass" time="0.554"/>
  <system-out/>
</testsuite> <!-- requests.CreateUser_Serialization -->
