<?xml version="1.0" encoding="UTF-8"?>
<!-- Generated by org.testng.reporters.JUnitReportReporter -->
<testsuite hostname="IN-F18K1N3" failures="0" tests="1" name="requests.Test01_GET" time="2.126" errors="0" timestamp="2023-01-12T17:03:44 IST" skipped="0">
  <testcase classname="requests.Test01_GET" name="test_SingleUser" time="2.126"/>
  <system-out/>
</testsuite> <!-- requests.Test01_GET -->
