<?xml version="1.0" encoding="UTF-8"?>
<!-- Generated by org.testng.reporters.JUnitReportReporter -->
<testsuite hostname="IN-F18K1N3" failures="0" tests="1" name="Tests_GET" time="3.972" errors="0" timestamp="2023-01-11T20:07:42 IST" skipped="0">
  <testcase classname="Tests_GET" name="test_logResponse" time="3.972"/>
  <system-out/>
</testsuite> <!-- Tests_GET -->
