<?xml version="1.0" encoding="UTF-8"?>
<!-- Generated by org.testng.reporters.JUnitReportReporter -->
<testsuite hostname="IN-F18K1N3" failures="0" tests="1" name="requests.JSONSchemaValidator" time="2.028" errors="0" timestamp="2023-01-12T04:36:59 IST" skipped="0">
  <testcase classname="requests.JSONSchemaValidator" name="validateJSONAgainstSchema" time="2.028"/>
  <system-out/>
</testsuite> <!-- requests.JSONSchemaValidator -->
