<?xml version="1.0" encoding="UTF-8"?>
<!-- Generated by org.testng.reporters.JUnitReportReporter -->
<testsuite hostname="IN-F18K1N3" failures="0" tests="1" name="requests.GET_SingleUser" time="0.767" errors="0" timestamp="2023-01-18T15:39:37 IST" skipped="0">
  <testcase classname="requests.GET_SingleUser" name="get_User_Detail" time="0.767"/>
  <system-out/>
</testsuite> <!-- requests.GET_SingleUser -->
