<?xml version="1.0" encoding="UTF-8"?>
<!-- Generated by org.testng.reporters.JUnitReportReporter -->
<testsuite hostname="IN-F18K1N3" failures="0" tests="1" name="requests.POST_CreateUser" time="2.886" errors="0" timestamp="2023-01-18T15:39:37 IST" skipped="0">
  <testcase classname="requests.POST_CreateUser" name="createUser_POST" time="2.886"/>
  <system-out/>
</testsuite> <!-- requests.POST_CreateUser -->
