<?xml version="1.0" encoding="UTF-8"?>
<!-- Generated by org.testng.reporters.JUnitReportReporter -->
<testsuite hostname="IN-F18K1N3" failures="0" tests="1" name="requests.Tests_PUT" time="2.584" errors="0" timestamp="2023-01-12T11:55:35 IST" skipped="0">
  <testcase classname="requests.Tests_PUT" name="test_01_put" time="2.584"/>
  <system-out/>
</testsuite> <!-- requests.Tests_PUT -->
