<?xml version="1.0" encoding="UTF-8"?>
<!-- Generated by org.testng.reporters.JUnitReportReporter -->
<testsuite hostname="IN-F18K1N3" failures="0" tests="1" name="requests.PUT_UpdateUser" time="0.485" errors="0" timestamp="2023-01-18T15:39:37 IST" skipped="0">
  <testcase classname="requests.PUT_UpdateUser" name="update_User_Details" time="0.485"/>
  <system-out/>
</testsuite> <!-- requests.PUT_UpdateUser -->
