<?xml version="1.0" encoding="UTF-8"?>
<!-- Generated by org.testng.reporters.JUnitReportReporter -->
<testsuite hostname="IN-F18K1N3" failures="0" tests="2" name="Test01_GET" time="3.184" errors="0" timestamp="2023-01-11T20:02:52 IST" skipped="0">
  <testcase classname="Test01_GET" name="test_02" time="1.116"/>
  <system-out/>
  <testcase classname="Test01_GET" name="test_01" time="2.068"/>
  <system-out/>
</testsuite> <!-- Test01_GET -->
