<?xml version="1.0" encoding="UTF-8"?>
<!-- Generated by org.testng.reporters.JUnitReportReporter -->
<testsuite hostname="IN-F18K1N3" failures="0" tests="2" name="requests.Test01_GET" time="4.930" errors="0" timestamp="2023-01-18T15:56:57 IST" skipped="0">
  <testcase classname="requests.Test01_GET" name="test_SingleUser" time="1.411"/>
  <system-out/>
  <testcase classname="requests.Test01_GET" name="test_01" time="3.519"/>
  <system-out/>
</testsuite> <!-- requests.Test01_GET -->
