<?xml version="1.0" encoding="UTF-8"?>
<!-- Generated by org.testng.reporters.JUnitReportReporter -->
<testsuite hostname="IN-F18K1N3" failures="0" tests="1" name="requests.Tests_POST" time="0.484" errors="0" timestamp="2023-01-18T15:56:57 IST" skipped="0">
  <testcase classname="requests.Tests_POST" name="test_01_post" time="0.484"/>
  <system-out/>
</testsuite> <!-- requests.Tests_POST -->
